TRAMO X/TRAMO/app/build/intermediates/manifest_merge_blame_file/debug/manifest-merger-blame-debug-report.txt
1<?xml version="1.0" encoding="utf-8"?>
2<manifest xmlns:android="http://schemas.android.com/apk/res/android"
3    package="com.innovation.tramo"
4    android:versionCode="1"
5    android:versionName="1.0" >
6
7    <uses-sdk
8        android:minSdkVersion="21"
8-->src\main\AndroidManifest.xml
9        android:targetSdkVersion="33" />
9-->src\main\AndroidManifest.xml
10
11    <uses-permission android:name="android.permission.CAMERA" />
11-->src\main\AndroidManifest.xml:5:5-65
11-->src\main\AndroidManifest.xml:5:22-62
12    <uses-permission android:name="android.permission.POST_NOTIFICATIONS" />
12-->src\main\AndroidManifest.xml:6:5-77
12-->src\main\AndroidManifest.xml:6:22-74
13    <uses-permission android:name="android.permission.WRITE_EXTERNAL_STORAGE" />
13-->src\main\AndroidManifest.xml:8:5-81
13-->src\main\AndroidManifest.xml:8:22-78
14    <uses-permission android:name="android.permission.MANAGE_EXTERNAL_STORAGE" />
14-->src\main\AndroidManifest.xml:9:5-82
14-->src\main\AndroidManifest.xml:9:22-79
15    <uses-permission android:name="android.permission.READ_EXTERNAL_STORAGE" />
15-->src\main\AndroidManifest.xml:10:5-80
15-->src\main\AndroidManifest.xml:10:22-77
16    <uses-permission android:name="android.permission.INTERNET" />
16-->src\main\AndroidManifest.xml:12:5-67
16-->src\main\AndroidManifest.xml:12:22-64
17    <uses-permission android:name="android.permission.ACCESS_NETWORK_STATE" />
17-->src\main\AndroidManifest.xml:13:5-79
17-->src\main\AndroidManifest.xml:13:22-76
18    <uses-permission android:name="android.permission.ACCESS_FINE_LOCATION" />
18-->src\main\AndroidManifest.xml:14:5-79
18-->src\main\AndroidManifest.xml:14:22-76
19    <uses-permission android:name="android.permission.ACCESS_COARSE_LOCATION" />
19-->src\main\AndroidManifest.xml:15:5-81
19-->src\main\AndroidManifest.xml:15:22-78
20    <uses-permission android:name="android.permission.ACCESS_BACKGROUND_LOCATION" />
20-->src\main\AndroidManifest.xml:16:5-85
20-->src\main\AndroidManifest.xml:16:22-82
21    <uses-permission android:name="android.permission.CALL_PHONE" />
21-->src\main\AndroidManifest.xml:17:5-69
21-->src\main\AndroidManifest.xml:17:22-66
22
23    <uses-feature android:name="android.hardware.location.gps" />
23-->src\main\AndroidManifest.xml:19:5-66
23-->src\main\AndroidManifest.xml:19:19-63
24    <uses-feature
24-->src\main\AndroidManifest.xml:20:5-22:36
25        android:name="android.hardware.camera"
25-->src\main\AndroidManifest.xml:21:9-47
26        android:required="false" />
26-->src\main\AndroidManifest.xml:22:9-33
27    <uses-feature
27-->src\main\AndroidManifest.xml:23:5-25:36
28        android:name="android.hardware.telephony"
28-->src\main\AndroidManifest.xml:24:9-50
29        android:required="false" />
29-->src\main\AndroidManifest.xml:25:9-33
30
31    <uses-permission android:name="com.google.android.c2dm.permission.RECEIVE" />
31-->src\main\AndroidManifest.xml:27:5-82
31-->src\main\AndroidManifest.xml:27:22-79
32    <uses-permission android:name="android.permission.VIBRATE" />
32-->src\main\AndroidManifest.xml:28:5-66
32-->src\main\AndroidManifest.xml:28:22-63
33    <uses-permission android:name="android.permission.SYSTEM_ALERT_WINDOW" />
33-->src\main\AndroidManifest.xml:29:5-78
33-->src\main\AndroidManifest.xml:29:22-75
34    <uses-permission android:name="android.permission.FOREGROUND_SERVICE" />
34-->src\main\AndroidManifest.xml:30:5-77
34-->src\main\AndroidManifest.xml:30:22-74
35    <uses-permission android:name="android.permission.WAKE_LOCK" />
35-->src\main\AndroidManifest.xml:31:5-68
35-->src\main\AndroidManifest.xml:31:22-65
36
37    <queries>
37-->[com.google.firebase:firebase-inappmessaging-display:20.3.2] AndroidManifest.xml:12:5-18:15
38        <intent>
38-->[com.google.firebase:firebase-inappmessaging-display:20.3.2] AndroidManifest.xml:13:9-17:18
39            <action android:name="android.intent.action.VIEW" />
39-->[com.google.firebase:firebase-inappmessaging-display:20.3.2] AndroidManifest.xml:14:13-65
39-->[com.google.firebase:firebase-inappmessaging-display:20.3.2] AndroidManifest.xml:14:21-62
40
41            <data android:scheme="https" />
41-->[com.google.firebase:firebase-inappmessaging-display:20.3.2] AndroidManifest.xml:16:13-44
41-->[com.google.firebase:firebase-inappmessaging-display:20.3.2] AndroidManifest.xml:16:19-41
42        </intent>
43        <!-- Needs to be explicitly declared on Android R+ -->
44        <package android:name="com.google.android.apps.maps" />
44-->[com.google.android.gms:play-services-maps:18.1.0] AndroidManifest.xml:33:9-64
44-->[com.google.android.gms:play-services-maps:18.1.0] AndroidManifest.xml:33:18-61
45    </queries>
46
47    <uses-permission android:name="android.permission.ACCESS_WIFI_STATE" />
47-->[com.google.android.libraries.places:places:3.1.0] AndroidManifest.xml:11:5-76
47-->[com.google.android.libraries.places:places:3.1.0] AndroidManifest.xml:11:22-73
48
49    <uses-feature
49-->[com.google.android.gms:play-services-maps:18.1.0] AndroidManifest.xml:26:5-28:35
50        android:glEsVersion="0x00020000"
50-->[com.google.android.gms:play-services-maps:18.1.0] AndroidManifest.xml:27:9-41
51        android:required="true" />
51-->[com.google.android.gms:play-services-maps:18.1.0] AndroidManifest.xml:28:9-32
52
53    <uses-permission android:name="com.google.android.gms.permission.AD_ID" />
53-->[com.google.android.gms:play-services-measurement-api:21.2.2] AndroidManifest.xml:25:5-79
53-->[com.google.android.gms:play-services-measurement-api:21.2.2] AndroidManifest.xml:25:22-76
54    <uses-permission android:name="com.google.android.finsky.permission.BIND_GET_INSTALL_REFERRER_SERVICE" />
54-->[com.google.android.gms:play-services-measurement:21.2.2] AndroidManifest.xml:26:5-110
54-->[com.google.android.gms:play-services-measurement:21.2.2] AndroidManifest.xml:26:22-107
55    <uses-permission android:name="android.permission.REORDER_TASKS" />
55-->[androidx.test:core:1.5.0] AndroidManifest.xml:24:5-72
55-->[androidx.test:core:1.5.0] AndroidManifest.xml:24:22-69
56
57    <permission
57-->[androidx.core:core:1.10.1] AndroidManifest.xml:22:5-24:47
58        android:name="com.innovation.tramo.DYNAMIC_RECEIVER_NOT_EXPORTED_PERMISSION"
58-->[androidx.core:core:1.10.1] AndroidManifest.xml:23:9-81
59        android:protectionLevel="signature" />
59-->[androidx.core:core:1.10.1] AndroidManifest.xml:24:9-44
60
61    <uses-permission android:name="com.innovation.tramo.DYNAMIC_RECEIVER_NOT_EXPORTED_PERMISSION" />
61-->[androidx.core:core:1.10.1] AndroidManifest.xml:26:5-97
61-->[androidx.core:core:1.10.1] AndroidManifest.xml:26:22-94
62
63    <application
63-->src\main\AndroidManifest.xml:33:5-297:19
64        android:name="com.innovation.tramo.fireBase.MyApplication"
64-->src\main\AndroidManifest.xml:34:9-47
65        android:allowBackup="true"
65-->src\main\AndroidManifest.xml:35:9-35
66        android:appComponentFactory="androidx.core.app.CoreComponentFactory"
66-->[androidx.core:core:1.10.1] AndroidManifest.xml:28:18-86
67        android:dataExtractionRules="@xml/data_extraction_rules"
67-->src\main\AndroidManifest.xml:36:9-65
68        android:debuggable="true"
69        android:fullBackupContent="@xml/backup_rules"
69-->src\main\AndroidManifest.xml:37:9-54
70        android:icon="@mipmap/ic_launcher"
70-->src\main\AndroidManifest.xml:38:9-43
71        android:label="@string/app_name"
71-->src\main\AndroidManifest.xml:39:9-41
72        android:roundIcon="@mipmap/ic_launcher_round"
72-->src\main\AndroidManifest.xml:40:9-54
73        android:screenOrientation="portrait"
73-->src\main\AndroidManifest.xml:44:9-45
74        android:supportsRtl="true"
74-->src\main\AndroidManifest.xml:41:9-35
75        android:testOnly="true"
76        android:theme="@style/Theme.TRAMO"
76-->src\main\AndroidManifest.xml:42:9-43
77        android:usesCleartextTraffic="true" >
77-->src\main\AndroidManifest.xml:43:9-44
78        <activity
78-->src\main\AndroidManifest.xml:48:9-52:56
79            android:name="com.innovation.tramo.clientLauncher.fragmentsClients.realizarPedido.remesaPedido.RemesaPedido"
79-->src\main\AndroidManifest.xml:49:13-101
80            android:exported="false"
80-->src\main\AndroidManifest.xml:50:13-37
81            android:screenOrientation="portrait" />
81-->src\main\AndroidManifest.xml:51:13-49
82        <activity
82-->src\main\AndroidManifest.xml:53:9-57:40
83            android:name="com.innovation.tramo.clientLauncher.fragmentsClients.routesMaps.routeClient"
83-->src\main\AndroidManifest.xml:54:13-83
84            android:exported="false"
84-->src\main\AndroidManifest.xml:57:13-37
85            android:screenOrientation="portrait" />
85-->src\main\AndroidManifest.xml:55:13-49
86        <activity
86-->src\main\AndroidManifest.xml:58:9-62:40
87            android:name="com.innovation.tramo.clientLauncher.fragmentsClients.routesMaps.RoutePedidoDriver"
87-->src\main\AndroidManifest.xml:59:13-89
88            android:exported="false"
88-->src\main\AndroidManifest.xml:62:13-37
89            android:screenOrientation="portrait" />
89-->src\main\AndroidManifest.xml:60:13-49
90        <activity
90-->src\main\AndroidManifest.xml:63:9-69:62
91            android:name="com.innovation.tramo.notifications.NotificacionesPedidos"
91-->src\main\AndroidManifest.xml:64:13-64
92            android:exported="false"
92-->src\main\AndroidManifest.xml:65:13-37
93            android:parentActivityName="com.innovation.tramo.clientLauncher.HomeLauncher"
93-->src\main\AndroidManifest.xml:68:13-70
94            android:screenOrientation="portrait"
94-->src\main\AndroidManifest.xml:67:13-49
95            android:theme="@style/Theme.TRAMO.NoActionBar" />
95-->src\main\AndroidManifest.xml:69:13-59
96        <activity
96-->src\main\AndroidManifest.xml:70:9-75:62
97            android:name="com.innovation.tramo.clientLauncher.fragmentsClients.realizarPedido.ActivityClientBookOrder"
97-->src\main\AndroidManifest.xml:71:13-99
98            android:exported="false"
98-->src\main\AndroidManifest.xml:72:13-37
99            android:screenOrientation="portrait"
99-->src\main\AndroidManifest.xml:74:13-49
100            android:theme="@style/Theme.TRAMO.NoActionBar" />
100-->src\main\AndroidManifest.xml:75:13-59
101        <activity
101-->src\main\AndroidManifest.xml:76:9-81:62
102            android:name="com.innovation.tramo.register.clientRegister.ActivityRegisterClientConfirmation"
102-->src\main\AndroidManifest.xml:77:13-87
103            android:exported="false"
103-->src\main\AndroidManifest.xml:78:13-37
104            android:screenOrientation="portrait"
104-->src\main\AndroidManifest.xml:80:13-49
105            android:theme="@style/Theme.TRAMO.NoActionBar" />
105-->src\main\AndroidManifest.xml:81:13-59
106        <activity
106-->src\main\AndroidManifest.xml:82:9-88:62
107            android:name="com.innovation.tramo.clientLauncher.fragmentsClients.realizarPedido.ActivityClientLaunchNine"
107-->src\main\AndroidManifest.xml:83:13-100
108            android:exported="false"
108-->src\main\AndroidManifest.xml:84:13-37
109            android:parentActivityName="com.innovation.tramo.clientLauncher.fragmentsClients.realizarPedido.ActivityClientLaunchSeven"
109-->src\main\AndroidManifest.xml:87:13-115
110            android:screenOrientation="portrait"
110-->src\main\AndroidManifest.xml:85:13-49
111            android:theme="@style/Theme.TRAMO.NoActionBar" />
111-->src\main\AndroidManifest.xml:88:13-59
112        <activity
112-->src\main\AndroidManifest.xml:89:9-95:62
113            android:name="com.innovation.tramo.clientLauncher.fragmentsClients.realizarPedido.ActivityClientLaunchSeven"
113-->src\main\AndroidManifest.xml:90:13-101
114            android:exported="false"
114-->src\main\AndroidManifest.xml:91:13-37
115            android:parentActivityName="com.innovation.tramo.clientLauncher.fragmentsClients.realizarPedido.ActivityClientLaunchSix"
115-->src\main\AndroidManifest.xml:94:13-113
116            android:screenOrientation="portrait"
116-->src\main\AndroidManifest.xml:92:13-49
117            android:theme="@style/Theme.TRAMO.NoActionBar" />
117-->src\main\AndroidManifest.xml:95:13-59
118        <activity
118-->src\main\AndroidManifest.xml:96:9-102:62
119            android:name="com.innovation.tramo.clientLauncher.fragmentsClients.realizarPedido.ActivityClientLaunchSix"
119-->src\main\AndroidManifest.xml:97:13-99
120            android:exported="false"
120-->src\main\AndroidManifest.xml:98:13-37
121            android:parentActivityName="com.innovation.tramo.clientLauncher.fragmentsClients.realizarPedido.ActivityClientLaunchFive"
121-->src\main\AndroidManifest.xml:101:13-114
122            android:screenOrientation="portrait"
122-->src\main\AndroidManifest.xml:99:13-49
123            android:theme="@style/Theme.TRAMO.NoActionBar" />
123-->src\main\AndroidManifest.xml:102:13-59
124        <activity
124-->src\main\AndroidManifest.xml:103:9-109:62
125            android:name="com.innovation.tramo.clientLauncher.fragmentsClients.realizarPedido.ActivityClientLaunchFive"
125-->src\main\AndroidManifest.xml:104:13-100
126            android:exported="false"
126-->src\main\AndroidManifest.xml:105:13-37
127            android:parentActivityName="com.innovation.tramo.clientLauncher.fragmentsClients.realizarPedido.ActivityClientLaunchFour"
127-->src\main\AndroidManifest.xml:108:13-114
128            android:screenOrientation="portrait"
128-->src\main\AndroidManifest.xml:106:13-49
129            android:theme="@style/Theme.TRAMO.NoActionBar" />
129-->src\main\AndroidManifest.xml:109:13-59
130        <activity
130-->src\main\AndroidManifest.xml:110:9-116:62
131            android:name="com.innovation.tramo.clientLauncher.fragmentsClients.realizarPedido.ActivityClientLaunchFour"
131-->src\main\AndroidManifest.xml:111:13-100
132            android:exported="false"
132-->src\main\AndroidManifest.xml:112:13-37
133            android:parentActivityName="com.innovation.tramo.clientLauncher.fragmentsClients.realizarPedido.ActivityClientLaunchThree"
133-->src\main\AndroidManifest.xml:115:13-115
134            android:screenOrientation="portrait"
134-->src\main\AndroidManifest.xml:113:13-49
135            android:theme="@style/Theme.TRAMO.NoActionBar" />
135-->src\main\AndroidManifest.xml:116:13-59
136        <activity
136-->src\main\AndroidManifest.xml:117:9-123:62
137            android:name="com.innovation.tramo.clientLauncher.fragmentsClients.realizarPedido.ActivityClientLaunchThree"
137-->src\main\AndroidManifest.xml:118:13-101
138            android:exported="false"
138-->src\main\AndroidManifest.xml:119:13-37
139            android:parentActivityName="com.innovation.tramo.clientLauncher.HomeLauncher"
139-->src\main\AndroidManifest.xml:122:13-70
140            android:screenOrientation="portrait"
140-->src\main\AndroidManifest.xml:120:13-49
141            android:theme="@style/Theme.TRAMO.NoActionBar" />
141-->src\main\AndroidManifest.xml:123:13-59
142        <activity
142-->src\main\AndroidManifest.xml:124:9-130:62
143            android:name="com.innovation.tramo.clientLauncher.fragmentsClients.configuraciones.aboutClient.ActivityAboutCliente"
143-->src\main\AndroidManifest.xml:125:13-109
144            android:exported="false"
144-->src\main\AndroidManifest.xml:126:13-37
145            android:parentActivityName="com.innovation.tramo.clientLauncher.fragmentsClients.configuraciones.aboutClient.ActivityAboutCliente"
145-->src\main\AndroidManifest.xml:129:13-123
146            android:screenOrientation="portrait"
146-->src\main\AndroidManifest.xml:127:13-49
147            android:theme="@style/Theme.TRAMO.NoActionBar" />
147-->src\main\AndroidManifest.xml:130:13-59
148        <activity
148-->src\main\AndroidManifest.xml:131:9-137:62
149            android:name="com.innovation.tramo.clientLauncher.HomeLauncher"
149-->src\main\AndroidManifest.xml:132:13-56
150            android:exported="false"
150-->src\main\AndroidManifest.xml:133:13-37
151            android:label="title_activity_client_launch_one"
151-->src\main\AndroidManifest.xml:136:13-61
152            android:screenOrientation="portrait"
152-->src\main\AndroidManifest.xml:134:13-49
153            android:theme="@style/Theme.TRAMO.NoActionBar" />
153-->src\main\AndroidManifest.xml:137:13-59
154        <activity
154-->src\main\AndroidManifest.xml:138:9-144:62
155            android:name="com.innovation.tramo.register.clientRegister.registerCompany.ActivityRegisterClientCompanyTwo"
155-->src\main\AndroidManifest.xml:139:13-101
156            android:exported="false"
156-->src\main\AndroidManifest.xml:140:13-37
157            android:parentActivityName="com.innovation.tramo.register.clientRegister.registerPerson.ActivityRegisterClientOne"
157-->src\main\AndroidManifest.xml:143:13-107
158            android:screenOrientation="portrait"
158-->src\main\AndroidManifest.xml:141:13-49
159            android:theme="@style/Theme.TRAMO.NoActionBar" />
159-->src\main\AndroidManifest.xml:144:13-59
160        <activity
160-->src\main\AndroidManifest.xml:145:9-151:62
161            android:name="com.innovation.tramo.register.clientRegister.registerCompany.ActivityRegisterClientCompanyOne"
161-->src\main\AndroidManifest.xml:146:13-101
162            android:exported="false"
162-->src\main\AndroidManifest.xml:147:13-37
163            android:parentActivityName="com.innovation.tramo.logIn.ActivityLogInClientCompany"
163-->src\main\AndroidManifest.xml:150:13-75
164            android:screenOrientation="portrait"
164-->src\main\AndroidManifest.xml:148:13-49
165            android:theme="@style/Theme.TRAMO.NoActionBar" />
165-->src\main\AndroidManifest.xml:151:13-59
166        <activity
166-->src\main\AndroidManifest.xml:152:9-158:62
167            android:name="com.innovation.tramo.register.clientRegister.registerPerson.ActivityRegisterClientTwo"
167-->src\main\AndroidManifest.xml:153:13-93
168            android:exported="false"
168-->src\main\AndroidManifest.xml:154:13-37
169            android:parentActivityName="com.innovation.tramo.register.clientRegister.registerPerson.ActivityRegisterClientOne"
169-->src\main\AndroidManifest.xml:157:13-107
170            android:screenOrientation="portrait"
170-->src\main\AndroidManifest.xml:155:13-49
171            android:theme="@style/Theme.TRAMO.NoActionBar" />
171-->src\main\AndroidManifest.xml:158:13-59
172        <activity
172-->src\main\AndroidManifest.xml:159:9-165:62
173            android:name="com.innovation.tramo.register.clientRegister.registerPerson.ActivityRegisterClientOne"
173-->src\main\AndroidManifest.xml:160:13-93
174            android:exported="false"
174-->src\main\AndroidManifest.xml:161:13-37
175            android:parentActivityName="com.innovation.tramo.logIn.ActivityLogInClient"
175-->src\main\AndroidManifest.xml:164:13-68
176            android:screenOrientation="portrait"
176-->src\main\AndroidManifest.xml:162:13-49
177            android:theme="@style/Theme.TRAMO.NoActionBar" />
177-->src\main\AndroidManifest.xml:165:13-59
178        <activity
178-->src\main\AndroidManifest.xml:166:9-172:62
179            android:name="com.innovation.tramo.logIn.ActivityLogInClientCompany"
179-->src\main\AndroidManifest.xml:167:13-61
180            android:exported="false"
180-->src\main\AndroidManifest.xml:168:13-37
181            android:parentActivityName="com.innovation.tramo.logIn.ActivityPersonOrCompany"
181-->src\main\AndroidManifest.xml:171:13-72
182            android:screenOrientation="portrait"
182-->src\main\AndroidManifest.xml:169:13-49
183            android:theme="@style/Theme.TRAMO.NoActionBar" />
183-->src\main\AndroidManifest.xml:172:13-59
184        <activity
184-->src\main\AndroidManifest.xml:173:9-179:62
185            android:name="com.innovation.tramo.register.driverRegister.ActivityDriverRegisterTen"
185-->src\main\AndroidManifest.xml:174:13-78
186            android:exported="false"
186-->src\main\AndroidManifest.xml:175:13-37
187            android:parentActivityName="com.innovation.tramo.logIn.ActivityLogInDriver"
187-->src\main\AndroidManifest.xml:178:13-68
188            android:screenOrientation="portrait"
188-->src\main\AndroidManifest.xml:176:13-49
189            android:theme="@style/Theme.TRAMO.NoActionBar" />
189-->src\main\AndroidManifest.xml:179:13-59
190        <activity
190-->src\main\AndroidManifest.xml:180:9-186:62
191            android:name="com.innovation.tramo.register.driverRegister.ActivityDriverRegisterNine"
191-->src\main\AndroidManifest.xml:181:13-79
192            android:exported="false"
192-->src\main\AndroidManifest.xml:182:13-37
193            android:parentActivityName="com.innovation.tramo.register.driverRegister.ActivityDriverRegisterEight"
193-->src\main\AndroidManifest.xml:185:13-94
194            android:screenOrientation="portrait"
194-->src\main\AndroidManifest.xml:183:13-49
195            android:theme="@style/Theme.TRAMO.NoActionBar" />
195-->src\main\AndroidManifest.xml:186:13-59
196        <activity
196-->src\main\AndroidManifest.xml:187:9-193:62
197            android:name="com.innovation.tramo.register.driverRegister.ActivityDriverRegisterEight"
197-->src\main\AndroidManifest.xml:188:13-80
198            android:exported="false"
198-->src\main\AndroidManifest.xml:189:13-37
199            android:parentActivityName="com.innovation.tramo.register.driverRegister.ActivityDriverRegisterSeven"
199-->src\main\AndroidManifest.xml:192:13-94
200            android:screenOrientation="portrait"
200-->src\main\AndroidManifest.xml:190:13-49
201            android:theme="@style/Theme.TRAMO.NoActionBar" />
201-->src\main\AndroidManifest.xml:193:13-59
202        <activity
202-->src\main\AndroidManifest.xml:194:9-200:62
203            android:name="com.innovation.tramo.register.driverRegister.ActivityDriverRegisterSeven"
203-->src\main\AndroidManifest.xml:195:13-80
204            android:exported="false"
204-->src\main\AndroidManifest.xml:196:13-37
205            android:parentActivityName="com.innovation.tramo.register.driverRegister.ActivityDriverRegisterSix"
205-->src\main\AndroidManifest.xml:199:13-92
206            android:screenOrientation="portrait"
206-->src\main\AndroidManifest.xml:197:13-49
207            android:theme="@style/Theme.TRAMO.NoActionBar" />
207-->src\main\AndroidManifest.xml:200:13-59
208        <activity
208-->src\main\AndroidManifest.xml:201:9-207:62
209            android:name="com.innovation.tramo.register.driverRegister.ActivityDriverRegisterSix"
209-->src\main\AndroidManifest.xml:202:13-78
210            android:exported="false"
210-->src\main\AndroidManifest.xml:203:13-37
211            android:parentActivityName="com.innovation.tramo.register.driverRegister.ActivityDriverRegisterFive"
211-->src\main\AndroidManifest.xml:206:13-93
212            android:screenOrientation="portrait"
212-->src\main\AndroidManifest.xml:204:13-49
213            android:theme="@style/Theme.TRAMO.NoActionBar" />
213-->src\main\AndroidManifest.xml:207:13-59
214        <activity
214-->src\main\AndroidManifest.xml:208:9-214:62
215            android:name="com.innovation.tramo.register.driverRegister.ActivityDriverRegisterFive"
215-->src\main\AndroidManifest.xml:209:13-79
216            android:exported="false"
216-->src\main\AndroidManifest.xml:210:13-37
217            android:parentActivityName="com.innovation.tramo.register.driverRegister.ActivityDriverRegisterFour"
217-->src\main\AndroidManifest.xml:213:13-93
218            android:screenOrientation="portrait"
218-->src\main\AndroidManifest.xml:211:13-49
219            android:theme="@style/Theme.TRAMO.NoActionBar" />
219-->src\main\AndroidManifest.xml:214:13-59
220        <activity
220-->src\main\AndroidManifest.xml:215:9-221:62
221            android:name="com.innovation.tramo.register.driverRegister.ActivityDriverRegisterFour"
221-->src\main\AndroidManifest.xml:216:13-79
222            android:exported="false"
222-->src\main\AndroidManifest.xml:217:13-37
223            android:parentActivityName="com.innovation.tramo.register.driverRegister.ActivityDriverRegisterThree"
223-->src\main\AndroidManifest.xml:220:13-94
224            android:screenOrientation="portrait"
224-->src\main\AndroidManifest.xml:218:13-49
225            android:theme="@style/Theme.TRAMO.NoActionBar" />
225-->src\main\AndroidManifest.xml:221:13-59
226        <activity
226-->src\main\AndroidManifest.xml:222:9-228:62
227            android:name="com.innovation.tramo.register.driverRegister.ActivityDriverRegisterThree"
227-->src\main\AndroidManifest.xml:223:13-80
228            android:exported="false"
228-->src\main\AndroidManifest.xml:224:13-37
229            android:parentActivityName="com.innovation.tramo.register.driverRegister.ActivityDriverRegisterTwo"
229-->src\main\AndroidManifest.xml:227:13-92
230            android:screenOrientation="portrait"
230-->src\main\AndroidManifest.xml:225:13-49
231            android:theme="@style/Theme.TRAMO.NoActionBar" />
231-->src\main\AndroidManifest.xml:228:13-59
232        <activity
232-->src\main\AndroidManifest.xml:229:9-235:62
233            android:name="com.innovation.tramo.register.driverRegister.ActivityDriverRegisterTwo"
233-->src\main\AndroidManifest.xml:230:13-78
234            android:exported="false"
234-->src\main\AndroidManifest.xml:231:13-37
235            android:parentActivityName="com.innovation.tramo.register.driverRegister.ActivityDriverRegisterOne"
235-->src\main\AndroidManifest.xml:234:13-92
236            android:screenOrientation="portrait"
236-->src\main\AndroidManifest.xml:232:13-49
237            android:theme="@style/Theme.TRAMO.NoActionBar" />
237-->src\main\AndroidManifest.xml:235:13-59
238        <activity
238-->src\main\AndroidManifest.xml:236:9-242:62
239            android:name="com.innovation.tramo.register.driverRegister.ActivityDriverRegisterOne"
239-->src\main\AndroidManifest.xml:237:13-78
240            android:exported="false"
240-->src\main\AndroidManifest.xml:238:13-37
241            android:parentActivityName="com.innovation.tramo.logIn.ActivityLogInDriver"
241-->src\main\AndroidManifest.xml:241:13-68
242            android:screenOrientation="portrait"
242-->src\main\AndroidManifest.xml:239:13-49
243            android:theme="@style/Theme.TRAMO.NoActionBar" />
243-->src\main\AndroidManifest.xml:242:13-59
244        <activity
244-->src\main\AndroidManifest.xml:243:9-249:62
245            android:name="com.innovation.tramo.logIn.ActivityLogInClient"
245-->src\main\AndroidManifest.xml:244:13-54
246            android:exported="false"
246-->src\main\AndroidManifest.xml:245:13-37
247            android:parentActivityName="com.innovation.tramo.logIn.ActivityPersonOrCompany"
247-->src\main\AndroidManifest.xml:248:13-72
248            android:screenOrientation="portrait"
248-->src\main\AndroidManifest.xml:246:13-49
249            android:theme="@style/Theme.TRAMO.NoActionBar" />
249-->src\main\AndroidManifest.xml:249:13-59
250        <activity
250-->src\main\AndroidManifest.xml:250:9-256:62
251            android:name="com.innovation.tramo.logIn.ActivityLogInDriver"
251-->src\main\AndroidManifest.xml:251:13-54
252            android:exported="false"
252-->src\main\AndroidManifest.xml:252:13-37
253            android:parentActivityName="com.innovation.tramo.MainActivity"
253-->src\main\AndroidManifest.xml:255:13-55
254            android:screenOrientation="portrait"
254-->src\main\AndroidManifest.xml:253:13-49
255            android:theme="@style/Theme.TRAMO.NoActionBar" />
255-->src\main\AndroidManifest.xml:256:13-59
256        <activity
256-->src\main\AndroidManifest.xml:257:9-263:62
257            android:name="com.innovation.tramo.logIn.ActivityPersonOrCompany"
257-->src\main\AndroidManifest.xml:258:13-58
258            android:exported="false"
258-->src\main\AndroidManifest.xml:259:13-37
259            android:parentActivityName="com.innovation.tramo.MainActivity"
259-->src\main\AndroidManifest.xml:262:13-55
260            android:screenOrientation="portrait"
260-->src\main\AndroidManifest.xml:260:13-49
261            android:theme="@style/Theme.TRAMO.NoActionBar" />
261-->src\main\AndroidManifest.xml:263:13-59
262        <activity
262-->src\main\AndroidManifest.xml:264:9-268:39
263            android:name="com.innovation.tramo.MainActivity"
263-->src\main\AndroidManifest.xml:265:13-41
264            android:exported="false"
264-->src\main\AndroidManifest.xml:268:13-37
265            android:screenOrientation="portrait" />
265-->src\main\AndroidManifest.xml:266:13-49
266        <activity
266-->src\main\AndroidManifest.xml:269:9-278:20
267            android:name="com.innovation.tramo.SplashBackround"
267-->src\main\AndroidManifest.xml:270:13-44
268            android:exported="true"
268-->src\main\AndroidManifest.xml:271:13-36
269            android:theme="@style/SplashTheme" >
269-->src\main\AndroidManifest.xml:272:13-47
270            <intent-filter>
270-->src\main\AndroidManifest.xml:273:13-277:29
271                <action android:name="android.intent.action.MAIN" />
271-->src\main\AndroidManifest.xml:274:17-69
271-->src\main\AndroidManifest.xml:274:25-66
272
273                <category android:name="android.intent.category.LAUNCHER" />
273-->src\main\AndroidManifest.xml:276:17-77
273-->src\main\AndroidManifest.xml:276:27-74
274            </intent-filter>
275        </activity>
276
277        <service
277-->src\main\AndroidManifest.xml:280:9-286:19
278            android:name="com.innovation.tramo.fireBase.MyFirebaseMessagingService"
278-->src\main\AndroidManifest.xml:281:13-64
279            android:exported="false" >
279-->src\main\AndroidManifest.xml:282:13-37
280            <intent-filter>
280-->src\main\AndroidManifest.xml:283:13-285:29
281                <action android:name="com.google.firebase.MESSAGING_EVENT" />
281-->src\main\AndroidManifest.xml:284:17-78
281-->src\main\AndroidManifest.xml:284:25-75
282            </intent-filter>
283        </service>
284
285        <meta-data
285-->src\main\AndroidManifest.xml:288:9-290:52